<?xml version="1.0" encoding="UTF-8"?>
<!-- Generated by org.testng.reporters.JUnitXMLReporter -->
<testsuite ignored="0" hostname="DESKTOP-4G6V73A" failures="0" tests="6" name="Default test" time="47.27" errors="0" timestamp="2023-01-08T19:21:46 IST">
  <testcase classname="Tutorial2.EndToEndGitFlow" name="postRequest" time="3.705"/>
  <testcase classname="Tutorial2.EndToEndGitFlow" name="getRequestAfterPost" time="0.419"/>
  <testcase classname="Tutorial2.EndToEndGitFlow" name="patchDemo" time="0.647"/>
  <testcase classname="Tutorial2.EndToEndGitFlow" name="getRequestAfterPatch" time="0.357"/>
  <testcase classname="Tutorial2.EndToEndGitFlow" name="deleteRequest" time="40.498"/>
  <testcase classname="Tutorial2.EndToEndGitFlow" name="getRequestAfterdelete" time="0.307"/>
</testsuite> <!-- Default test -->
