<?xml version="1.0" encoding="UTF-8"?>
<testng-results ignored="0" total="6" passed="6" failed="0" skipped="0">
  <reporter-output>
  </reporter-output>
  <suite started-at="2023-01-08T19:20:58 IST" name="Default suite" finished-at="2023-01-08T19:21:46 IST" duration-ms="47270">
    <groups>
    </groups>
    <test started-at="2023-01-08T19:20:58 IST" name="Default test" finished-at="2023-01-08T19:21:46 IST" duration-ms="47270">
      <class name="Tutorial2.EndToEndGitFlow">
        <test-method is-config="true" signature="setUp()[pri:0, instance:Tutorial2.EndToEndGitFlow@702b8b12]" started-at="2023-01-08T19:20:58 IST" name="setUp" finished-at="2023-01-08T19:21:00 IST" duration-ms="1263" status="PASS">
          <reporter-output>
          </reporter-output>
        </test-method> <!-- setUp -->
        <test-method signature="postRequest()[pri:1, instance:Tutorial2.EndToEndGitFlow@702b8b12]" started-at="2023-01-08T19:21:00 IST" name="postRequest" finished-at="2023-01-08T19:21:03 IST" duration-ms="3705" status="PASS">
          <reporter-output>
          </reporter-output>
        </test-method> <!-- postRequest -->
        <test-method is-config="true" signature="setUp()[pri:0, instance:Tutorial2.EndToEndGitFlow@702b8b12]" started-at="2023-01-08T19:21:03 IST" name="setUp" finished-at="2023-01-08T19:21:03 IST" duration-ms="2" status="PASS">
          <reporter-output>
          </reporter-output>
        </test-method> <!-- setUp -->
        <test-method signature="getRequestAfterPost()[pri:2, instance:Tutorial2.EndToEndGitFlow@702b8b12]" started-at="2023-01-08T19:21:03 IST" name="getRequestAfterPost" finished-at="2023-01-08T19:21:04 IST" duration-ms="419" status="PASS">
          <reporter-output>
          </reporter-output>
        </test-method> <!-- getRequestAfterPost -->
        <test-method is-config="true" signature="setUp()[pri:0, instance:Tutorial2.EndToEndGitFlow@702b8b12]" started-at="2023-01-08T19:21:04 IST" name="setUp" finished-at="2023-01-08T19:21:04 IST" duration-ms="3" status="PASS">
          <reporter-output>
          </reporter-output>
        </test-method> <!-- setUp -->
        <test-method signature="patchDemo()[pri:3, instance:Tutorial2.EndToEndGitFlow@702b8b12]" started-at="2023-01-08T19:21:04 IST" name="patchDemo" finished-at="2023-01-08T19:21:04 IST" duration-ms="647" status="PASS">
          <reporter-output>
          </reporter-output>
        </test-method> <!-- patchDemo -->
        <test-method is-config="true" signature="setUp()[pri:0, instance:Tutorial2.EndToEndGitFlow@702b8b12]" started-at="2023-01-08T19:21:04 IST" name="setUp" finished-at="2023-01-08T19:21:04 IST" duration-ms="2" status="PASS">
          <reporter-output>
          </reporter-output>
        </test-method> <!-- setUp -->
        <test-method signature="getRequestAfterPatch()[pri:4, instance:Tutorial2.EndToEndGitFlow@702b8b12]" started-at="2023-01-08T19:21:04 IST" name="getRequestAfterPatch" finished-at="2023-01-08T19:21:05 IST" duration-ms="357" status="PASS">
          <reporter-output>
          </reporter-output>
        </test-method> <!-- getRequestAfterPatch -->
        <test-method is-config="true" signature="setUp()[pri:0, instance:Tutorial2.EndToEndGitFlow@702b8b12]" started-at="2023-01-08T19:21:05 IST" name="setUp" finished-at="2023-01-08T19:21:05 IST" duration-ms="1" status="PASS">
          <reporter-output>
          </reporter-output>
        </test-method> <!-- setUp -->
        <test-method signature="deleteRequest()[pri:5, instance:Tutorial2.EndToEndGitFlow@702b8b12]" started-at="2023-01-08T19:21:05 IST" name="deleteRequest" finished-at="2023-01-08T19:21:45 IST" duration-ms="40498" status="PASS">
          <reporter-output>
          </reporter-output>
        </test-method> <!-- deleteRequest -->
        <test-method is-config="true" signature="setUp()[pri:0, instance:Tutorial2.EndToEndGitFlow@702b8b12]" started-at="2023-01-08T19:21:45 IST" name="setUp" finished-at="2023-01-08T19:21:45 IST" duration-ms="1" status="PASS">
          <reporter-output>
          </reporter-output>
        </test-method> <!-- setUp -->
        <test-method signature="getRequestAfterdelete()[pri:6, instance:Tutorial2.EndToEndGitFlow@702b8b12]" started-at="2023-01-08T19:21:45 IST" name="getRequestAfterdelete" finished-at="2023-01-08T19:21:46 IST" duration-ms="307" status="PASS">
          <reporter-output>
          </reporter-output>
        </test-method> <!-- getRequestAfterdelete -->
      </class> <!-- Tutorial2.EndToEndGitFlow -->
    </test> <!-- Default test -->
  </suite> <!-- Default suite -->
</testng-results>
